<?xml version="1.0" encoding="UTF-8"?>
<testsuite name="com.frostr.igloo.RelayDefaultsTest" tests="7" skipped="0" failures="0" errors="0" timestamp="2026-06-16T04:32:38.208Z" hostname="Mac" time="0.014">
  <properties/>
  <testcase name="android_default_is_not_ios_simulator_loopback" classname="com.frostr.igloo.RelayDefaultsTest" time="0.003"/>
  <testcase name="create_keyset_wizard_preserves_user_typed_relay" classname="com.frostr.igloo.RelayDefaultsTest" time="0.003"/>
  <testcase name="create_keyset_wizard_empty_actor_relays_surface_android_default" classname="com.frostr.igloo.RelayDefaultsTest" time="0.0"/>
  <testcase name="android_default_uses_emulator_host_loopback_alias" classname="com.frostr.igloo.RelayDefaultsTest" time="0.0"/>
  <testcase name="android_default_is_well_formed_ws_url_with_demo_port" classname="com.frostr.igloo.RelayDefaultsTest" time="0.004"/>
  <testcase name="create_keyset_wizard_preserves_mixed_relay_list" classname="com.frostr.igloo.RelayDefaultsTest" time="0.004"/>
  <testcase name="create_keyset_wizard_overrides_ios_localhost_with_android_default" classname="com.frostr.igloo.RelayDefaultsTest" time="0.0"/>
  <system-out><![CDATA[]]></system-out>
  <system-err><![CDATA[]]></system-err>
</testsuite>
